[debug] [2024-07-02T17:20:36.793Z] ----------------------------------------------------------------------
[debug] [2024-07-02T17:20:36.799Z] Command:       /usr/local/bin/node /usr/local/bin/firebase deploy
[debug] [2024-07-02T17:20:36.799Z] CLI Version:   13.12.0
[debug] [2024-07-02T17:20:36.799Z] Platform:      darwin
[debug] [2024-07-02T17:20:36.799Z] Node Version:  v20.15.0
[debug] [2024-07-02T17:20:36.799Z] Time:          Tue Jul 02 2024 18:20:36 GMT+0100 (Western European Summer Time)
[debug] [2024-07-02T17:20:36.799Z] ----------------------------------------------------------------------
[debug] 
[debug] [2024-07-02T17:20:36.848Z] > command requires scopes: ["email","openid","https://www.googleapis.com/auth/cloudplatformprojects.readonly","https://www.googleapis.com/auth/firebase","https://www.googleapis.com/auth/cloud-platform"]
[debug] [2024-07-02T17:20:36.849Z] > authorizing via signed-in user (zacharynickerson96@gmail.com)
[debug] [2024-07-02T17:20:36.849Z] [iam] checking project vokko-f8f6a for permissions ["cloudfunctions.functions.create","cloudfunctions.functions.delete","cloudfunctions.functions.get","cloudfunctions.functions.list","cloudfunctions.functions.update","cloudfunctions.operations.get","firebase.projects.get"]
[debug] [2024-07-02T17:20:36.852Z] >>> [apiv2][query] POST https://cloudresourcemanager.googleapis.com/v1/projects/vokko-f8f6a:testIamPermissions [none]
[debug] [2024-07-02T17:20:36.853Z] >>> [apiv2][(partial)header] POST https://cloudresourcemanager.googleapis.com/v1/projects/vokko-f8f6a:testIamPermissions x-goog-quota-user=projects/vokko-f8f6a
[debug] [2024-07-02T17:20:36.853Z] >>> [apiv2][body] POST https://cloudresourcemanager.googleapis.com/v1/projects/vokko-f8f6a:testIamPermissions {"permissions":["cloudfunctions.functions.create","cloudfunctions.functions.delete","cloudfunctions.functions.get","cloudfunctions.functions.list","cloudfunctions.functions.update","cloudfunctions.operations.get","firebase.projects.get"]}
[debug] [2024-07-02T17:20:37.635Z] <<< [apiv2][status] POST https://cloudresourcemanager.googleapis.com/v1/projects/vokko-f8f6a:testIamPermissions 200
[debug] [2024-07-02T17:20:37.636Z] <<< [apiv2][body] POST https://cloudresourcemanager.googleapis.com/v1/projects/vokko-f8f6a:testIamPermissions {"permissions":["cloudfunctions.functions.create","cloudfunctions.functions.delete","cloudfunctions.functions.get","cloudfunctions.functions.list","cloudfunctions.functions.update","cloudfunctions.operations.get","firebase.projects.get"]}
[debug] [2024-07-02T17:20:37.636Z] >>> [apiv2][query] POST https://iam.googleapis.com/v1/projects/vokko-f8f6a/serviceAccounts/vokko-f8f6a@appspot.gserviceaccount.com:testIamPermissions [none]
[debug] [2024-07-02T17:20:37.636Z] >>> [apiv2][body] POST https://iam.googleapis.com/v1/projects/vokko-f8f6a/serviceAccounts/vokko-f8f6a@appspot.gserviceaccount.com:testIamPermissions {"permissions":["iam.serviceAccounts.actAs"]}
[debug] [2024-07-02T17:20:38.391Z] <<< [apiv2][status] POST https://iam.googleapis.com/v1/projects/vokko-f8f6a/serviceAccounts/vokko-f8f6a@appspot.gserviceaccount.com:testIamPermissions 200
[debug] [2024-07-02T17:20:38.392Z] <<< [apiv2][body] POST https://iam.googleapis.com/v1/projects/vokko-f8f6a/serviceAccounts/vokko-f8f6a@appspot.gserviceaccount.com:testIamPermissions {"permissions":["iam.serviceAccounts.actAs"]}
[info] 
[info] === Deploying to 'vokko-f8f6a'...
[info] 
[info] i  deploying functions 
[info] Running command: npm --prefix "$RESOURCE_DIR" run lint
